NULL
Spade J
Club 5
Club A
Spade 6
NULL
Heart K
Heart A
Diamond 7
Club 10
Heart 2
Spade 8
Diamond K
Diamond 2
Diamond 6
Diamond 7
Club 9
NULL
Club 9
NULL
Spade K
NULL
Diamond 2
NULL
Spade 3
Spade 8
Spade Q
Heart 10
Heart 3
Heart 7
Heart 4
Heart Q
Heart Q
Diamond 3
Diamond 5
Spade 3
Diamond K
Spade 6
Spade 2
Spade 5
Spade 7
Spade 10
Heart A
Heart 2
Heart Q
Heart A
Club 9
Heart A
Heart A
Diamond 2
Club 2
Club 3
Diamond A
Diamond 2
Diamond 3
Diamond 3
Diamond 3
Diamond 7
Diamond 9
Diamond 9
Diamond 10
Diamond J
Diamond Q
Diamond Q
Diamond Q
Diamond K
Club 3
Club 5
Club 5
Club 8
Club 9
Club Q
Spade 10
Heart A
Spade 5
Heart 10
Spade A
Spade J
Spade 9
Spade Q
Spade J
Spade 10
Spade 8
Spade 8
Heart K
Spade 2
Heart 4
Heart 7
Heart 3
Spade 5
Heart Q
Heart 7
Diamond 9
Club J
Heart 7
